<?xml version="1.0" encoding="UTF-8"?>
<testng-results skipped="0" failed="0" total="1" passed="1">
  <reporter-output>
  </reporter-output>
  <suite name="Default suite" duration-ms="34900" started-at="2017-01-12T04:43:08Z" finished-at="2017-01-12T04:43:43Z">
    <groups>
    </groups>
    <test name="Default test" duration-ms="34900" started-at="2017-01-12T04:43:08Z" finished-at="2017-01-12T04:43:43Z">
      <class name="Test.Test">
        <test-method status="PASS" signature="inti()[pri:0, instance:Test.Test@2d298123]" name="inti" is-config="true" duration-ms="10" started-at="2017-01-12T10:13:08Z" finished-at="2017-01-12T10:13:08Z">
          <reporter-output>
          </reporter-output>
        </test-method> <!-- inti -->
        <test-method status="PASS" signature="testLoginPage()[pri:0, instance:Test.Test@2d298123]" name="testLoginPage" duration-ms="34871" started-at="2017-01-12T10:13:08Z" finished-at="2017-01-12T10:13:43Z">
          <reporter-output>
          </reporter-output>
        </test-method> <!-- testLoginPage -->
      </class> <!-- Test.Test -->
    </test> <!-- Default test -->
  </suite> <!-- Default suite -->
</testng-results>
