<?xml version="1.0" encoding="UTF-8"?>
<testng-results skipped="0" failed="0" total="1" passed="1">
  <reporter-output>
  </reporter-output>
  <suite name="Default suite" duration-ms="16577" started-at="2017-01-10T05:02:48Z" finished-at="2017-01-10T05:03:04Z">
    <groups>
    </groups>
    <test name="Default test" duration-ms="16577" started-at="2017-01-10T05:02:48Z" finished-at="2017-01-10T05:03:04Z">
      <class name="testing.SeleniumGrid">
        <test-method status="PASS" signature="beforeTest()[pri:0, instance:testing.SeleniumGrid@3dbd83b2]" name="beforeTest" is-config="true" duration-ms="10367" started-at="2017-01-10T10:32:48Z" finished-at="2017-01-10T10:32:58Z">
          <reporter-output>
          </reporter-output>
        </test-method> <!-- beforeTest -->
        <test-method status="PASS" signature="f()[pri:0, instance:testing.SeleniumGrid@3dbd83b2]" name="f" duration-ms="5235" started-at="2017-01-10T10:32:58Z" finished-at="2017-01-10T10:33:03Z">
          <reporter-output>
          </reporter-output>
        </test-method> <!-- f -->
        <test-method status="PASS" signature="afterTest()[pri:0, instance:testing.SeleniumGrid@3dbd83b2]" name="afterTest" is-config="true" duration-ms="936" started-at="2017-01-10T10:33:03Z" finished-at="2017-01-10T10:33:04Z">
          <reporter-output>
          </reporter-output>
        </test-method> <!-- afterTest -->
      </class> <!-- testing.SeleniumGrid -->
    </test> <!-- Default test -->
  </suite> <!-- Default suite -->
</testng-results>
