<?xml version="1.0" encoding="UTF-8"?>
<!-- Generated by org.testng.reporters.JUnitXMLReporter -->
<testsuite hostname="MVTL1076LT" name="Default test" tests="3" failures="0" timestamp="22 Jul 2017 06:52:09 GMT" time="0.038" errors="0">
  <testcase name="testCase2" time="0.007" classname="testng.Annotation_Sequence"/>
  <testcase name="testCase3" time="0.002" classname="testng.Annotation_Sequence"/>
  <testcase name="testCase1" time="0.003" classname="testng.Annotation_Sequence"/>
</testsuite> <!-- Default test -->
