<?xml version="1.0" encoding="UTF-8"?>
<!-- Generated by org.testng.reporters.JUnitXMLReporter -->
<testsuite hostname="MVTL1076LT" name="Regression suite 1" tests="10" failures="5" timestamp="27 Jun 2017 05:28:37 GMT" time="21.692" errors="0">
  <testcase name="goToWebsIte" time="3.267" classname="testng_practice.NewTest"/>
  <testcase name="goToWebsIte" time="0.32" classname="testng_practice.NewTest">
    <failure type="java.lang.AssertionError" message="expected [GMAIL] but found [PROBLEM LOADING PAGE]">
      <![CDATA[java.lang.AssertionError: expected [GMAIL] but found [PROBLEM LOADING PAGE]
	at testng_practice.NewTest.goToWebsIte(NewTest.java:19)
... Removed 29 stack frames]]>
    </failure>
  </testcase> <!-- goToWebsIte -->
  <testcase name="goToWebsIte" time="1.83" classname="testng_practice.NewTest"/>
  <testcase name="goToWebsIte" time="0.231" classname="testng_practice.NewTest">
    <failure type="java.lang.AssertionError" message="expected [GMAIL] but found [PROBLEM LOADING PAGE]">
      <![CDATA[java.lang.AssertionError: expected [GMAIL] but found [PROBLEM LOADING PAGE]
	at testng_practice.NewTest.goToWebsIte(NewTest.java:19)
... Removed 29 stack frames]]>
    </failure>
  </testcase> <!-- goToWebsIte -->
  <testcase name="goToWebsIte" time="1.827" classname="testng_practice.NewTest"/>
  <testcase name="goToWebsIte" time="0.273" classname="testng_practice.NewTest">
    <failure type="java.lang.AssertionError" message="expected [GMAIL] but found [PROBLEM LOADING PAGE]">
      <![CDATA[java.lang.AssertionError: expected [GMAIL] but found [PROBLEM LOADING PAGE]
	at testng_practice.NewTest.goToWebsIte(NewTest.java:19)
... Removed 29 stack frames]]>
    </failure>
  </testcase> <!-- goToWebsIte -->
  <testcase name="goToWebsIte" time="1.724" classname="testng_practice.NewTest"/>
  <testcase name="goToWebsIte" time="0.235" classname="testng_practice.NewTest">
    <failure type="java.lang.AssertionError" message="expected [GMAIL] but found [PROBLEM LOADING PAGE]">
      <![CDATA[java.lang.AssertionError: expected [GMAIL] but found [PROBLEM LOADING PAGE]
	at testng_practice.NewTest.goToWebsIte(NewTest.java:19)
... Removed 29 stack frames]]>
    </failure>
  </testcase> <!-- goToWebsIte -->
  <testcase name="goToWebsIte" time="1.759" classname="testng_practice.NewTest"/>
  <testcase name="goToWebsIte" time="0.236" classname="testng_practice.NewTest">
    <failure type="java.lang.AssertionError" message="expected [GMAIL] but found [PROBLEM LOADING PAGE]">
      <![CDATA[java.lang.AssertionError: expected [GMAIL] but found [PROBLEM LOADING PAGE]
	at testng_practice.NewTest.goToWebsIte(NewTest.java:19)
... Removed 29 stack frames]]>
    </failure>
  </testcase> <!-- goToWebsIte -->
</testsuite> <!-- Regression suite 1 -->
