<?xml version="1.0" encoding="UTF-8"?>
<testng-results skipped="0" failed="0" total="2" passed="2">
  <reporter-output>
  </reporter-output>
  <suite name="Suite" duration-ms="64197" started-at="2017-07-22T07:38:59Z" finished-at="2017-07-22T07:40:03Z">
    <groups>
    </groups>
    <test name="Test" duration-ms="64197" started-at="2017-07-22T07:38:59Z" finished-at="2017-07-22T07:40:03Z">
      <class name="testng.NewTest">
        <test-method status="PASS" signature="beforeMethod()[pri:0, instance:testng.NewTest@39779de]" name="beforeMethod" is-config="true" duration-ms="10232" started-at="2017-07-22T13:08:59Z" finished-at="2017-07-22T13:09:09Z">
          <reporter-output>
          </reporter-output>
        </test-method> <!-- beforeMethod -->
        <test-method status="PASS" signature="goToWebsite(java.lang.String)[pri:0, instance:testng.NewTest@39779de]" name="goToWebsite" duration-ms="37349" started-at="2017-07-22T13:09:09Z" data-provider="getURL" finished-at="2017-07-22T13:09:47Z">
          <params>
            <param index="0">
              <value>
                <![CDATA[https://www.google.com]]>
              </value>
            </param>
          </params>
          <reporter-output>
          </reporter-output>
        </test-method> <!-- goToWebsite -->
        <test-method status="PASS" signature="afterMethod()[pri:0, instance:testng.NewTest@39779de]" name="afterMethod" is-config="true" duration-ms="253" started-at="2017-07-22T13:09:47Z" finished-at="2017-07-22T13:09:47Z">
          <reporter-output>
          </reporter-output>
        </test-method> <!-- afterMethod -->
        <test-method status="PASS" signature="beforeMethod()[pri:0, instance:testng.NewTest@39779de]" name="beforeMethod" is-config="true" duration-ms="11134" started-at="2017-07-22T13:09:47Z" finished-at="2017-07-22T13:09:58Z">
          <reporter-output>
          </reporter-output>
        </test-method> <!-- beforeMethod -->
        <test-method status="PASS" signature="goToWebsite(java.lang.String)[pri:0, instance:testng.NewTest@39779de]" name="goToWebsite" duration-ms="4895" started-at="2017-07-22T13:09:58Z" data-provider="getURL" finished-at="2017-07-22T13:10:03Z">
          <params>
            <param index="0">
              <value>
                <![CDATA[https://www.facebook.com]]>
              </value>
            </param>
          </params>
          <reporter-output>
          </reporter-output>
        </test-method> <!-- goToWebsite -->
        <test-method status="PASS" signature="afterMethod()[pri:0, instance:testng.NewTest@39779de]" name="afterMethod" is-config="true" duration-ms="303" started-at="2017-07-22T13:10:03Z" finished-at="2017-07-22T13:10:03Z">
          <reporter-output>
          </reporter-output>
        </test-method> <!-- afterMethod -->
      </class> <!-- testng.NewTest -->
    </test> <!-- Test -->
  </suite> <!-- Suite -->
</testng-results>
