<?xml version="1.0" encoding="UTF-8"?>
<testng-results skipped="0" failed="0" total="2" passed="2">
  <reporter-output>
  </reporter-output>
  <suite name="Default suite" duration-ms="35932" started-at="2017-07-07T07:37:05Z" finished-at="2017-07-07T07:37:41Z">
    <groups>
    </groups>
    <test name="Default test" duration-ms="35932" started-at="2017-07-07T07:37:05Z" finished-at="2017-07-07T07:37:41Z">
      <class name="testNG.NewTest">
        <test-method status="PASS" signature="openBrowser(java.lang.String)[pri:0, instance:testNG.NewTest@51f11be1]" name="openBrowser" duration-ms="16889" started-at="2017-07-07T13:07:05Z" data-provider="getURL" finished-at="2017-07-07T13:07:22Z">
          <params>
            <param index="0">
              <value>
                <![CDATA[https://www.google.com]]>
              </value>
            </param>
          </params>
          <reporter-output>
          </reporter-output>
        </test-method> <!-- openBrowser -->
        <test-method status="PASS" signature="openBrowser(java.lang.String)[pri:0, instance:testNG.NewTest@51f11be1]" name="openBrowser" duration-ms="19002" started-at="2017-07-07T13:07:22Z" data-provider="getURL" finished-at="2017-07-07T13:07:41Z">
          <params>
            <param index="0">
              <value>
                <![CDATA[https://www.facebook.com]]>
              </value>
            </param>
          </params>
          <reporter-output>
          </reporter-output>
        </test-method> <!-- openBrowser -->
      </class> <!-- testNG.NewTest -->
    </test> <!-- Default test -->
  </suite> <!-- Default suite -->
</testng-results>
