<?xml version="1.0" encoding="UTF-8"?>
<testng-results skipped="0" failed="0" total="1" passed="1">
  <reporter-output>
  </reporter-output>
  <suite name="Suite" duration-ms="44000" started-at="2017-01-19T06:05:27Z" finished-at="2017-01-19T06:06:11Z">
    <groups>
    </groups>
    <test name="Test" duration-ms="44000" started-at="2017-01-19T06:05:27Z" finished-at="2017-01-19T06:06:11Z">
      <class name="com.google.tests.GoogleHomePageTest">
        <test-method status="PASS" signature="setup()[pri:0, instance:com.google.tests.GoogleHomePageTest@7d0144a]" name="setup" is-config="true" duration-ms="29919" started-at="2017-01-19T11:35:27Z" finished-at="2017-01-19T11:35:57Z">
          <reporter-output>
          </reporter-output>
        </test-method> <!-- setup -->
        <test-method status="PASS" signature="verifyGooglePageTitle()[pri:0, instance:com.google.tests.GoogleHomePageTest@7d0144a]" name="verifyGooglePageTitle" duration-ms="14047" started-at="2017-01-19T11:35:57Z" finished-at="2017-01-19T11:36:11Z">
          <reporter-output>
          </reporter-output>
        </test-method> <!-- verifyGooglePageTitle -->
        <test-method status="PASS" signature="closeBrowser()[pri:0, instance:com.google.tests.GoogleHomePageTest@7d0144a]" name="closeBrowser" is-config="true" duration-ms="21" started-at="2017-01-19T11:36:11Z" finished-at="2017-01-19T11:36:11Z">
          <reporter-output>
          </reporter-output>
        </test-method> <!-- closeBrowser -->
      </class> <!-- com.google.tests.GoogleHomePageTest -->
    </test> <!-- Test -->
  </suite> <!-- Suite -->
</testng-results>
